Total configurations to test: 26
COCO INFO: Results will be output to folder exdata/ibea_pop100_offs20_mut0.3_recomb0.7_var5.0derandomized_sbx5_max_gen200_on_bbob-biobj_budget1000xD
COCO INFO: Results will be output to folder exdata/ibea_pop100_offs20_mut0.5_recomb0.7_var5.0derandomized_sbx5_max_gen200_on_bbob-biobj_budget1000xD
COCO INFO: Results will be output to folder exdata/ibea_pop100_offs20_mut0.1_recomb0.7_var5.0derandomized_sbx5_max_gen200_on_bbob-biobj_budget1000xD
COCO INFO: Results will be output to folder exdata/ibea_pop100_offs20_mut0.7_recomb0.7_var5.0derandomized_sbx5_max_gen200_on_bbob-biobj_budget1000xD
COCO INFO: Results will be output to folder exdata/ibea_pop100_offs20_mut0.9_recomb0.7_var5.0derandomized_sbx5_max_gen200_on_bbob-biobj_budget1000xD
COCO INFO: Results will be output to folder exdata/ibea_pop100_offs20_mut0.8_recomb0.5_var5.0derandomized_sbx5_max_gen200_on_bbob-biobj_budget1000xD
COCO INFO: Results will be output to folder exdata/ibea_pop100_offs20_mut0.8_recomb0.6_var5.0derandomized_sbx5_max_gen200_on_bbob-biobj_budget1000xD
COCO INFO: Results will be output to folder exdata/ibea_pop100_offs20_mut0.8_recomb0.7_var5.0derandomized_sbx5_max_gen200_on_bbob-biobj_budget1000xD
Benchmarking solver '<bound method' with budget=1000*dimension on bbob-biobj suite, Mon Oct 17 21:00:00 2016
Oct17 21h00:00, d=2, running: f01Benchmarking solver '<bound method' with budget=1000*dimension on bbob-biobj suite, Mon Oct 17 21:00:00 2016
Oct17 21h00:00, d=2, running: f01Benchmarking solver '<bound method' with budget=1000*dimension on bbob-biobj suite, Mon Oct 17 21:00:00 2016
Oct17 21h00:00, d=2, running: f01Benchmarking solver '<bound method' with budget=1000*dimension on bbob-biobj suite, Mon Oct 17 21:00:00 2016
Oct17 21h00:00, d=2, running: f01Benchmarking solver '<bound method' with budget=1000*dimension on bbob-biobj suite, Mon Oct 17 21:00:00 2016
Oct17 21h00:00, d=2, running: f01Benchmarking solver '<bound method' with budget=1000*dimension on bbob-biobj suite, Mon Oct 17 21:00:00 2016
Oct17 21h00:00, d=2, running: f01Benchmarking solver '<bound method' with budget=1000*dimension on bbob-biobj suite, Mon Oct 17 21:00:00 2016
Oct17 21h00:00, d=2, running: f01Benchmarking solver '<bound method' with budget=1000*dimension on bbob-biobj suite, Mon Oct 17 21:00:00 2016
Oct17 21h00:00, d=2, running: done in 6.1e-03 seconds/evaluation

Oct17 22h54:53, d=3, running: f01!!!!!!!!!!!!!!!!(30)  
    done in 6.1e-03 seconds/evaluation

Oct17 22h55:21, d=3, running: f01!!(30)  
    done in 6.1e-03 seconds/evaluation

Oct17 22h55:21, d=3, running: f01!!!(30)  
    done in 6.1e-03 seconds/evaluation

Oct17 22h55:32, d=3, running: f01!!!!!!!!!!(30)  
    done in 6.1e-03 seconds/evaluation

Oct17 22h55:48, d=3, running: f01!!!(30)  
    done in 6.1e-03 seconds/evaluation

Oct17 22h55:53, d=3, running: f01!!(30)  
    done in 6.1e-03 seconds/evaluation

Oct17 22h56:01, d=3, running: f01!!!!!!!(30)  
    done in 6.1e-03 seconds/evaluation

Oct17 22h56:16, d=3, done in 6.3e-03 seconds/evaluation

Oct18 01h51:28, d=5, running: f01!!(30)  f55!!(30)  f55!!!!!!!!!!!!!!(30)  f55!!!!!!!!!!!!!!!!!!(30)  
    done in 6.3e-03 seconds/evaluation

Oct18 01h53:00, d=5, running: f01!!!!!!!!(30)  
    done in 6.3e-03 seconds/evaluation

Oct18 01h53:22, d=5, running: f01!(30)  
    done in 6.3e-03 seconds/evaluation

Oct18 01h53:24, d=5, running: f01!!!!!!!!!!!!!!!!!!!!!!!!(30)  
    done in 6.4e-03 seconds/evaluation

Oct18 01h54:35, d=5, running: f01!!!(30)  
    done in 6.4e-03 seconds/evaluation

Oct18 01h54:46, d=5, running: f01!!(30)  
    done in 6.4e-03 seconds/evaluation

Oct18 01h54:51, d=5, running: f01!!!!!!!!!(30)  
    done in 6.4e-03 seconds/evaluation

Oct18 01h55:28, d=5, done in 6.4e-03 seconds/evaluation
  dimension seconds/evaluations
  -----------------------------
      2      6.1e-03 
      3      6.3e-03 
      5      6.4e-03 
  -----------------------------
  bbob-biobj done (1650 of 1650 problems benchmarked), Tue Oct 18 06:50:06 2016 (9h45:22 total elapsed time).
COCO INFO: Results will be output to folder exdata/ibea_pop100_offs20_mut0.8_recomb0.8_var5.0derandomized_sbx5_max_gen200_on_bbob-biobj_budget1000xD
Benchmarking solver '<bound method' with budget=1000*dimension on bbob-biobj suite, Tue Oct 18 06:50:06 2016
Oct18 06h50:06, d=2, done in 6.4e-03 seconds/evaluation
  dimension seconds/evaluations
  -----------------------------
      2      6.1e-03 
      3      6.3e-03 
      5      6.4e-03 
  -----------------------------
  bbob-biobj done (1650 of 1650 problems benchmarked), Tue Oct 18 06:52:40 2016 (9h48:02 total elapsed time).
COCO INFO: Results will be output to folder exdata/ibea_pop100_offs20_mut0.8_recomb0.9_var5.0derandomized_sbx5_max_gen200_on_bbob-biobj_budget1000xD
Benchmarking solver '<bound method' with budget=1000*dimension on bbob-biobj suite, Tue Oct 18 06:52:40 2016
Oct18 06h52:40, d=2, running: f01!!!!(30) 
    done in 6.5e-03 seconds/evaluation
  dimension seconds/evaluations
  -----------------------------
      2      6.1e-03 
      3      6.3e-03 
      5      6.5e-03 
  -----------------------------
  bbob-biobj done (1650 of 1650 problems benchmarked), Tue Oct 18 06:53:00 2016 (9h48:13 total elapsed time).
COCO INFO: Results will be output to folder exdata/ibea_pop100_offs20_mut0.8_recomb0.7_var3derandomized_sbx5_max_gen200_on_bbob-biobj_budget1000xD
Benchmarking solver '<bound method' with budget=1000*dimension on bbob-biobj suite, Tue Oct 18 06:53:01 2016
Oct18 06h53:01, d=2, running: f01/usr/local/lib/python2.7/dist-packages/numpy/core/numeric.py:301: FutureWarning: in the future, full(2, 3) will return an array of dtype('int64')
  format(shape, fill_value, array(fill_value).dtype), FutureWarning)
!!!!!!!!!!!!!!!(30) 
    done in 6.5e-03 seconds/evaluation
  dimension seconds/evaluations
  -----------------------------
      2      6.1e-03 
      3      6.3e-03 
      5      6.5e-03 
  -----------------------------
  bbob-biobj done (1650 of 1650 problems benchmarked), Tue Oct 18 06:53:40 2016 (9h48:34 total elapsed time).
COCO INFO: Results will be output to folder exdata/ibea_pop100_offs20_mut0.8_recomb0.7_var5derandomized_sbx5_max_gen200_on_bbob-biobj_budget1000xD
Benchmarking solver '<bound method' with budget=1000*dimension on bbob-biobj suite, Tue Oct 18 06:53:41 2016
Oct18 06h53:41, d=2, running: f01/usr/local/lib/python2.7/dist-packages/numpy/core/numeric.py:301: FutureWarning: in the future, full(2, 5) will return an array of dtype('int64')
  format(shape, fill_value, array(fill_value).dtype), FutureWarning)
!!!!!!!!!!!!!!(30)  f03!(30) 
    done in 6.5e-03 seconds/evaluation
  dimension seconds/evaluations
  -----------------------------
      2      6.1e-03 
      3      6.4e-03 
      5      6.5e-03 
  -----------------------------
  bbob-biobj done (1650 of 1650 problems benchmarked), Tue Oct 18 06:54:14 2016 (9h48:55 total elapsed time).
COCO INFO: Results will be output to folder exdata/ibea_pop100_offs20_mut0.8_recomb0.7_var7derandomized_sbx5_max_gen200_on_bbob-biobj_budget1000xD
!Benchmarking solver '<bound method' with budget=1000*dimension on bbob-biobj suite, Tue Oct 18 06:54:14 2016
Oct18 06h54:14, d=2, running: f01/usr/local/lib/python2.7/dist-packages/numpy/core/numeric.py:301: FutureWarning: in the future, full(2, 7) will return an array of dtype('int64')
  format(shape, fill_value, array(fill_value).dtype), FutureWarning)
!(30) 
    done in 6.5e-03 seconds/evaluation
  dimension seconds/evaluations
  -----------------------------
      2      6.1e-03 
      3      6.4e-03 
      5      6.5e-03 
  -----------------------------
  bbob-biobj done (1650 of 1650 problems benchmarked), Tue Oct 18 06:54:15 2016 (9h48:42 total elapsed time).
COCO INFO: Results will be output to folder exdata/ibea_pop100_offs20_mut0.8_recomb0.7_var5.0derandomized_sbx2_max_gen200_on_bbob-biobj_budget1000xD
!Benchmarking solver '<bound method' with budget=1000*dimension on bbob-biobj suite, Tue Oct 18 06:54:15 2016
Oct18 06h54:15, d=2, running: f01!!!!!!!!!!!!!!(30)  f02!!(30) 
    done in 6.5e-03 seconds/evaluation
  dimension seconds/evaluations
  -----------------------------
      2      6.1e-03 
      3      6.4e-03 
      5      6.5e-03 
  -----------------------------
  bbob-biobj done (1650 of 1650 problems benchmarked), Tue Oct 18 06:54:47 2016 (9h50:12 total elapsed time).
COCO INFO: Results will be output to folder exdata/ibea_pop100_offs20_mut0.8_recomb0.7_var5.0derandomized_sbx5_max_gen200_on_bbob-biobj_budget1000xD-001
Benchmarking solver '<bound method' with budget=1000*dimension on bbob-biobj suite, Tue Oct 18 06:54:47 2016
Oct18 06h54:47, d=2, running: f01!!!!!!!!!!!!(30)  f02!!!!!!!!!!!!!!!!!!!!!!!!(30)  f02!!!!!!(30) 
    done in 6.5e-03 seconds/evaluation
  dimension seconds/evaluations
  -----------------------------
      2      6.1e-03 
      3      6.4e-03 
      5      6.5e-03 
  -----------------------------
  bbob-biobj done (1650 of 1650 problems benchmarked), Tue Oct 18 06:55:55 2016 (9h51:22 total elapsed time).
COCO INFO: Results will be output to folder exdata/ibea_pop100_offs20_mut0.8_recomb0.7_var5.0derandomized_sbx10_max_gen200_on_bbob-biobj_budget1000xD
Benchmarking solver '<bound method' with budget=1000*dimension on bbob-biobj suite, Tue Oct 18 06:55:55 2016
Oct18 06h55:55, d=2, done in 6.0e-03 seconds/evaluation

Oct18 08h43:18, d=3, done in 6.0e-03 seconds/evaluation

Oct18 08h46:11, d=3, running: f01!!!!!!!!!(30)  f02!(30)  
    done in 6.0e-03 seconds/evaluation

Oct18 08h46:29, d=3, done in 6.0e-03 seconds/evaluation

Oct18 08h47:29, d=3, running: f01/usr/local/lib/python2.7/dist-packages/numpy/core/numeric.py:301: FutureWarning: in the future, full(3, 5) will return an array of dtype('int64')
  format(shape, fill_value, array(fill_value).dtype), FutureWarning)
!!!!!!(30)  
    done in 6.0e-03 seconds/evaluation

Oct18 08h47:44, d=3, running: f01!!!!!(30)  f55!!(30)  
    done in 6.0e-03 seconds/evaluation

Oct18 08h47:56, d=3, done in 6.0e-03 seconds/evaluation

Oct18 08h48:43, d=3, running: done in 6.0e-03 seconds/evaluation

Oct18 08h49:54, d=3, done in 6.2e-03 seconds/evaluation

Oct18 11h38:21, d=5, done in 6.2e-03 seconds/evaluation

Oct18 11h41:27, d=5, done in 6.3e-03 seconds/evaluation

Oct18 11h41:43, d=5, done in 6.3e-03 seconds/evaluation

Oct18 11h43:12, d=5, done in 6.2e-03 seconds/evaluation

Oct18 11h43:12, d=5, done in 6.3e-03 seconds/evaluation

Oct18 11h43:30, d=5, done in 6.3e-03 seconds/evaluation

Oct18 11h44:50, d=5, running: f01!!!!!!!!!!!!!(30)  
    done in 6.3e-03 seconds/evaluation

Oct18 11h45:38, d=5, done in 6.4e-03 seconds/evaluation
  dimension seconds/evaluations
  -----------------------------
      2      6.0e-03 
      3      6.2e-03 
      5      6.4e-03 
  -----------------------------
  bbob-biobj done (1650 of 1650 problems benchmarked), Tue Oct 18 16:37:19 2016 (9h45:53 total elapsed time).
COCO INFO: Results will be output to folder exdata/ibea_pop50_offs20_mut0.8_recomb0.7_var5.0derandomized_sbx5_max_gen200_on_bbob-biobj_budget1000xD
Benchmarking solver '<bound method' with budget=1000*dimension on bbob-biobj suite, Tue Oct 18 16:37:19 2016
Oct18 16h37:19, d=2, running: f01!!!!!!!(30)  f55!!!!!!!(30)  f55!!!!!!!!!!(30)  f02!!!!!!(30)  f55!!!!!!!!!!!!!!!!(30)  f03!!!!!!!!!!!!!!!!!!!!!!!!(30)  f04!!!!!!!!!!!!!!!!!!!!(30) 
    done in 6.5e-03 seconds/evaluation
  dimension seconds/evaluations
  -----------------------------
      2      6.0e-03 
      3      6.2e-03 
      5      6.5e-03 
  -----------------------------
  bbob-biobj done (1650 of 1650 problems benchmarked), Tue Oct 18 16:41:19 2016 (9h47:03 total elapsed time).
COCO INFO: Results will be output to folder exdata/ibea_pop60_offs20_mut0.8_recomb0.7_var5.0derandomized_sbx5_max_gen200_on_bbob-biobj_budget1000xD
Benchmarking solver '<bound method' with budget=1000*dimension on bbob-biobj suite, Tue Oct 18 16:41:19 2016
Oct18 16h41:19, d=2, running: f01!(30)  f05!!!!!!(30)  f55!!!!!!!!!!!!!!!!!!(30) 
    done in 6.5e-03 seconds/evaluation
  dimension seconds/evaluations
  -----------------------------
      2      6.0e-03 
      3      6.3e-03 
      5      6.5e-03 
  -----------------------------
  bbob-biobj done (1650 of 1650 problems benchmarked), Tue Oct 18 16:42:09 2016 (9h48:44 total elapsed time).
COCO INFO: Results will be output to folder exdata/ibea_pop70_offs20_mut0.8_recomb0.7_var5.0derandomized_sbx5_max_gen200_on_bbob-biobj_budget1000xD
!Benchmarking solver '<bound method' with budget=1000*dimension on bbob-biobj suite, Tue Oct 18 16:42:09 2016
Oct18 16h42:09, d=2, running: f01!!!!!!!(30)  f06!!!!(30)  f55!(30)  f02!!!!!!!!!!!!!!!!!!!(30) 
    done in 6.5e-03 seconds/evaluation
  dimension seconds/evaluations
  -----------------------------
      2      6.0e-03 
      3      6.3e-03 
      5      6.5e-03 
  -----------------------------
  bbob-biobj done (1650 of 1650 problems benchmarked), Tue Oct 18 16:43:05 2016 (9h47:59 total elapsed time).
COCO INFO: Results will be output to folder exdata/ibea_pop80_offs20_mut0.8_recomb0.7_var5.0derandomized_sbx5_max_gen200_on_bbob-biobj_budget1000xD
Benchmarking solver '<bound method' with budget=1000*dimension on bbob-biobj suite, Tue Oct 18 16:43:05 2016
Oct18 16h43:05, d=2, running: f01!!!!!!!!!!!!(30)  f07!!!(30) 
    done in 6.5e-03 seconds/evaluation
  dimension seconds/evaluations
  -----------------------------
      2      6.0e-03 
      3      6.3e-03 
      5      6.5e-03 
  -----------------------------
  bbob-biobj done (1650 of 1650 problems benchmarked), Tue Oct 18 16:43:29 2016 (9h48:57 total elapsed time).
COCO INFO: Results will be output to folder exdata/ibea_pop90_offs20_mut0.8_recomb0.7_var5.0derandomized_sbx5_max_gen200_on_bbob-biobj_budget1000xD
Benchmarking solver '<bound method' with budget=1000*dimension on bbob-biobj suite, Tue Oct 18 16:43:29 2016
Oct18 16h43:29, d=2, running: f01!!!(30)  f02!!!!!!(30)  f03!!!!!!!!!!!!!!!!!(30) 
    done in 6.5e-03 seconds/evaluation
  dimension seconds/evaluations
  -----------------------------
      2      6.0e-03 
      3      6.2e-03 
      5      6.5e-03 
  -----------------------------
  bbob-biobj done (1650 of 1650 problems benchmarked), Tue Oct 18 16:44:07 2016 (9h48:53 total elapsed time).
COCO INFO: Results will be output to folder exdata/ibea_pop100_offs20_mut0.8_recomb0.7_var5.0derandomized_sbx5_max_gen200_on_bbob-biobj_budget1000xD-002
Benchmarking solver '<bound method' with budget=1000*dimension on bbob-biobj suite, Tue Oct 18 16:44:07 2016
Oct18 16h44:07, d=2, done in 6.5e-03 seconds/evaluation
  dimension seconds/evaluations
  -----------------------------
      2      6.0e-03 
      3      6.3e-03 
      5      6.5e-03 
  -----------------------------
  bbob-biobj done (1650 of 1650 problems benchmarked), Tue Oct 18 16:47:02 2016 (9h51:37 total elapsed time).
COCO INFO: Results will be output to folder exdata/ibea_pop100_offs20_mut0.8_recomb0.7_var5.0derandomized_sbx5_max_gen200_on_bbob-biobj_budget1000xD-003
Benchmarking solver '<bound method' with budget=1000*dimension on bbob-biobj suite, Tue Oct 18 16:47:02 2016
Oct18 16h47:02, d=2, running: f01!!!!!(30)  f03!!!!!!!!(30)  f06!!!!!!!!!(30)  f11!!!!!!!!!!!!!!!(30)  f05!!!!(30)  f04!!!!(30) 
    done in 6.5e-03 seconds/evaluation
  dimension seconds/evaluations
  -----------------------------
      2      6.0e-03 
      3      6.3e-03 
      5      6.5e-03 
  -----------------------------
  bbob-biobj done (1650 of 1650 problems benchmarked), Tue Oct 18 16:47:59 2016 (9h51:23 total elapsed time).
COCO INFO: Results will be output to folder exdata/ibea_pop100_offs30_mut0.8_recomb0.7_var5.0derandomized_sbx5_max_gen200_on_bbob-biobj_budget1000xD
Benchmarking solver '<bound method' with budget=1000*dimension on bbob-biobj suite, Tue Oct 18 16:47:59 2016
Oct18 16h47:59, d=2, done in 3.0e-03 seconds/evaluation

Oct18 17h33:31, d=3, done in 3.6e-03 seconds/evaluation

Oct18 17h47:22, d=3, done in 4.1e-03 seconds/evaluation

Oct18 17h59:34, d=3, done in 4.8e-03 seconds/evaluation

Oct18 18h12:03, d=3, done in 5.3e-03 seconds/evaluation

Oct18 18h24:42, d=3, done in 5.7e-03 seconds/evaluation

Oct18 18h34:19, d=3, done in 6.0e-03 seconds/evaluation

Oct18 18h37:48, d=3, done in 6.0e-03 seconds/evaluation

Oct18 18h40:56, d=3, done in 3.1e-03 seconds/evaluation

Oct18 18h59:13, d=5, done in 3.7e-03 seconds/evaluation

Oct18 19h28:57, d=5, done in 4.2e-03 seconds/evaluation

Oct18 19h58:19, d=5, done in 5.3e-03 seconds/evaluation

Oct18 20h39:18, d=5, done in 6.0e-03 seconds/evaluation

Oct18 21h14:21, d=5, done in 6.4e-03 seconds/evaluation

Oct18 21h34:17, d=5, running: f01!!!!!!(30)  f52!!!!!!!!(30)  f37!(30)  f55!!(30)  f51!!!!!!!!!!!!!!!!!!!(30)  f24!!!!!!!!!!!!!!!!!!!!!!!(30)  f14!!!!!!!!!!!!!!!(30) 
    done in 3.4e-03 seconds/evaluation
  dimension seconds/evaluations
  -----------------------------
      2      3.0e-03 
      3      3.1e-03 
      5      3.4e-03 
  -----------------------------
  bbob-biobj done (1650 of 1650 problems benchmarked), Tue Oct 18 21:37:40 2016 (4h46:14 total elapsed time).
COCO INFO: Results will be output to folder exdata/ibea_pop100_offs40_mut0.8_recomb0.7_var5.0derandomized_sbx5_max_gen200_on_bbob-biobj_budget1000xD
Benchmarking solver '<bound method' with budget=1000*dimension on bbob-biobj suite, Tue Oct 18 21:37:40 2016
Oct18 21h37:40, d=2, done in 6.8e-03 seconds/evaluation

Oct18 21h47:21, d=5, done in 6.8e-03 seconds/evaluation

Oct18 21h51:07, d=5, done in 4.1e-03 seconds/evaluation
  dimension seconds/evaluations
  -----------------------------
      2      3.6e-03 
      3      3.7e-03 
      5      4.1e-03 
  -----------------------------
  bbob-biobj done (1650 of 1650 problems benchmarked), Tue Oct 18 22:36:06 2016 (5h38:48 total elapsed time).
COCO INFO: Results will be output to folder exdata/ibea_pop100_offs50_mut0.8_recomb0.7_var5.0derandomized_sbx5_max_gen200_on_bbob-biobj_budget1000xD
Benchmarking solver '<bound method' with budget=1000*dimension on bbob-biobj suite, Tue Oct 18 22:36:06 2016
Oct18 22h36:06, d=2 done in 5.9e-03 seconds/evaluation

Oct18 23h28:33, d=3 done in 4.7e-03 seconds/evaluation
  dimension seconds/evaluations
  -----------------------------
      2      4.1e-03 
      3      4.2e-03 
      5      4.7e-03 
  -----------------------------
  bbob-biobj done (1650 of 1650 problems benchmarked), Tue Oct 18 23:37:39 2016 (6h36:55 total elapsed time).
done in 5.7e-03 seconds/evaluation

Oct19 00h20:01, d=3, done in 5.0e-03 seconds/evaluation
  dimension seconds/evaluations
  -----------------------------
      2      4.8e-03 
      3      5.3e-03 
      5      5.0e-03 
  -----------------------------
  bbob-biobj done (1650 of 1650 problems benchmarked), Wed Oct 19 00:32:30 2016 (7h30:07 total elapsed time).